<?xml version="1.0" encoding="UTF-8"?>
<!-- Generated by org.testng.reporters.JUnitXMLReporter -->
<testsuite ignored="0" hostname="DESKTOP-71HNQ74" failures="0" tests="13" name="Surefire test" time="180.943" errors="0" timestamp="2024-01-11T17:47:41 IST">
  <testcase classname="com.crm.qa.testcaes.ContactsPageTest" name="verifyContactsPageLabelTest" time="0.099"/>
  <testcase classname="com.crm.qa.testcaes.ContactsPageTest" name="selectContactsTest" time="0.24"/>
  <testcase classname="com.crm.qa.testcaes.ContactsPageTest" name="selectMultipleContacts" time="0.478"/>
  <testcase classname="com.crm.qa.testcaes.ContactsPageTest" name="validateCreateNewContact" time="5.164"/>
  <testcase classname="com.crm.qa.testcaes.ContactsPageTest" name="validateCreateNewContact" time="5.32"/>
  <testcase classname="com.crm.qa.testcaes.ContactsPageTest" name="validateCreateNewContact" time="4.929"/>
  <testcase classname="com.crm.qa.testcaes.HomePageTest" name="verifyHomePageTitleTest" time="0.016"/>
  <testcase classname="com.crm.qa.testcaes.HomePageTest" name="verifyUserNameTest" time="2.332"/>
  <testcase classname="com.crm.qa.testcaes.HomePageTest" name="contactsClickTest" time="6.423"/>
  <testcase classname="com.crm.qa.testcaes.HomePageTest" name="dealsPageClickTest" time="3.479"/>
  <testcase classname="com.crm.qa.testcaes.HomePageTest" name="tasksPageClickTest" time="2.565"/>
  <testcase classname="com.crm.qa.testcaes.LoginPageTest" name="loginPageTitleTest" time="0.015"/>
  <testcase classname="com.crm.qa.testcaes.LoginPageTest" name="loginTest" time="0.483"/>
</testsuite> <!-- Surefire test -->
