<?xml version="1.0" encoding="UTF-8"?>
<testsuite xmlns:xsi="http://www.w3.org/2001/XMLSchema-instance" xsi:noNamespaceSchemaLocation="https://maven.apache.org/surefire/maven-surefire-plugin/xsd/surefire-test-report-3.0.xsd" version="3.0" name="TestSuite" time="182.539" tests="13" errors="0" skipped="0" failures="0">
  <properties>
[...]
</properties>
  <testcase name="verifyContactsPageLabelTest" classname="com.crm.qa.testcaes.ContactsPageTest" time="0.099">
    <system-out><![CDATA[Before navigating to: 'https://ui.cogmento.com/'
Navigated to:'https://ui.cogmento.com/'
Trying to find Element By : By.name: email
Found Element By : By.name: email
Value of the:[[ChromeDriver: chrome on windows (e641c0b87f07a197e3944cf6ba5c34e1)] -> name: email] before any changes made
Element value changed to: [[ChromeDriver: chrome on windows (e641c0b87f07a197e3944cf6ba5c34e1)] -> name: email]
Trying to find Element By : By.name: password
Found Element By : By.name: password
Value of the:[[ChromeDriver: chrome on windows (e641c0b87f07a197e3944cf6ba5c34e1)] -> name: password] before any changes made
Element value changed to: [[ChromeDriver: chrome on windows (e641c0b87f07a197e3944cf6ba5c34e1)] -> name: password]
Trying to find Element By : By.xpath: //div[text()='Login']
Found Element By : By.xpath: //div[text()='Login']
Trying to click on: [[ChromeDriver: chrome on windows (e641c0b87f07a197e3944cf6ba5c34e1)] -> xpath: //div[text()='Login']]
Clicked on: [[ChromeDriver: chrome on windows (e641c0b87f07a197e3944cf6ba5c34e1)] -> xpath: //div[text()='Login']]
Trying to find Element By : By.xpath: //div[@id='main-nav']
Found Element By : By.xpath: //div[@id='main-nav']
Trying to find Element By : By.xpath: //span[text()='Contacts']
Found Element By : By.xpath: //span[text()='Contacts']
Trying to click on: [[ChromeDriver: chrome on windows (e641c0b87f07a197e3944cf6ba5c34e1)] -> xpath: //span[text()='Contacts']]
Clicked on: [[ChromeDriver: chrome on windows (e641c0b87f07a197e3944cf6ba5c34e1)] -> xpath: //span[text()='Contacts']]
Trying to find Element By : By.xpath: //th[text()='Email']
Found Element By : By.xpath: //th[text()='Email']
Trying to find Element By : By.xpath: //span[contains(text(),'Contacts')]
Found Element By : By.xpath: //span[contains(text(),'Contacts')]
]]></system-out>
    <system-err><![CDATA[SLF4J: Failed to load class "org.slf4j.impl.StaticLoggerBinder".
SLF4J: Defaulting to no-operation (NOP) logger implementation
SLF4J: See http://www.slf4j.org/codes.html#StaticLoggerBinder for further details.
]]></system-err>
  </testcase>
  <testcase name="selectContactsTest" classname="com.crm.qa.testcaes.ContactsPageTest" time="0.241">
    <system-out><![CDATA[Before navigating to: 'https://ui.cogmento.com/'
Navigated to:'https://ui.cogmento.com/'
Trying to find Element By : By.name: email
Found Element By : By.name: email
Value of the:[[ChromeDriver: chrome on windows (36c965842b22f6caea7496f080936a73)] -> name: email] before any changes made
Element value changed to: [[ChromeDriver: chrome on windows (36c965842b22f6caea7496f080936a73)] -> name: email]
Trying to find Element By : By.name: password
Found Element By : By.name: password
Value of the:[[ChromeDriver: chrome on windows (36c965842b22f6caea7496f080936a73)] -> name: password] before any changes made
Element value changed to: [[ChromeDriver: chrome on windows (36c965842b22f6caea7496f080936a73)] -> name: password]
Trying to find Element By : By.xpath: //div[text()='Login']
Found Element By : By.xpath: //div[text()='Login']
Trying to click on: [[ChromeDriver: chrome on windows (36c965842b22f6caea7496f080936a73)] -> xpath: //div[text()='Login']]
Clicked on: [[ChromeDriver: chrome on windows (36c965842b22f6caea7496f080936a73)] -> xpath: //div[text()='Login']]
Trying to find Element By : By.xpath: //div[@id='main-nav']
Found Element By : By.xpath: //div[@id='main-nav']
Trying to find Element By : By.xpath: //span[text()='Contacts']
Found Element By : By.xpath: //span[text()='Contacts']
Trying to click on: [[ChromeDriver: chrome on windows (36c965842b22f6caea7496f080936a73)] -> xpath: //span[text()='Contacts']]
Clicked on: [[ChromeDriver: chrome on windows (36c965842b22f6caea7496f080936a73)] -> xpath: //span[text()='Contacts']]
Trying to find Element By : By.xpath: //th[text()='Email']
Found Element By : By.xpath: //th[text()='Email']
Trying to find Element By : By.xpath: //a[text()='Jennifer  Wade']//parent::td
Found Element By : By.xpath: //a[text()='Jennifer  Wade']//parent::td
Trying to click on: [[ChromeDriver: chrome on windows (36c965842b22f6caea7496f080936a73)] -> xpath: //a[text()='Jennifer  Wade']//parent::td]
Clicked on: [[ChromeDriver: chrome on windows (36c965842b22f6caea7496f080936a73)] -> xpath: //a[text()='Jennifer  Wade']//parent::td]
]]></system-out>
  </testcase>
  <testcase name="selectMultipleContacts" classname="com.crm.qa.testcaes.ContactsPageTest" time="0.48">
    <system-out><![CDATA[Before navigating to: 'https://ui.cogmento.com/'
Navigated to:'https://ui.cogmento.com/'
Trying to find Element By : By.name: email
Found Element By : By.name: email
Value of the:[[ChromeDriver: chrome on windows (25d023be950b3e815bbd12c4ab4269ee)] -> name: email] before any changes made
Element value changed to: [[ChromeDriver: chrome on windows (25d023be950b3e815bbd12c4ab4269ee)] -> name: email]
Trying to find Element By : By.name: password
Found Element By : By.name: password
Value of the:[[ChromeDriver: chrome on windows (25d023be950b3e815bbd12c4ab4269ee)] -> name: password] before any changes made
Element value changed to: [[ChromeDriver: chrome on windows (25d023be950b3e815bbd12c4ab4269ee)] -> name: password]
Trying to find Element By : By.xpath: //div[text()='Login']
Found Element By : By.xpath: //div[text()='Login']
Trying to click on: [[ChromeDriver: chrome on windows (25d023be950b3e815bbd12c4ab4269ee)] -> xpath: //div[text()='Login']]
Clicked on: [[ChromeDriver: chrome on windows (25d023be950b3e815bbd12c4ab4269ee)] -> xpath: //div[text()='Login']]
Trying to find Element By : By.xpath: //div[@id='main-nav']
Found Element By : By.xpath: //div[@id='main-nav']
Trying to find Element By : By.xpath: //span[text()='Contacts']
Found Element By : By.xpath: //span[text()='Contacts']
Trying to click on: [[ChromeDriver: chrome on windows (25d023be950b3e815bbd12c4ab4269ee)] -> xpath: //span[text()='Contacts']]
Clicked on: [[ChromeDriver: chrome on windows (25d023be950b3e815bbd12c4ab4269ee)] -> xpath: //span[text()='Contacts']]
Trying to find Element By : By.xpath: //th[text()='Email']
Found Element By : By.xpath: //th[text()='Email']
Trying to find Element By : By.xpath: //a[text()='Tyler Hale']//parent::td
Found Element By : By.xpath: //a[text()='Tyler Hale']//parent::td
Trying to click on: [[ChromeDriver: chrome on windows (25d023be950b3e815bbd12c4ab4269ee)] -> xpath: //a[text()='Tyler Hale']//parent::td]
Clicked on: [[ChromeDriver: chrome on windows (25d023be950b3e815bbd12c4ab4269ee)] -> xpath: //a[text()='Tyler Hale']//parent::td]
Trying to find Element By : By.xpath: //a[text()='Jennifer  Wade']//parent::td
Found Element By : By.xpath: //a[text()='Jennifer  Wade']//parent::td
Trying to click on: [[ChromeDriver: chrome on windows (25d023be950b3e815bbd12c4ab4269ee)] -> xpath: //a[text()='Jennifer  Wade']//parent::td]
Clicked on: [[ChromeDriver: chrome on windows (25d023be950b3e815bbd12c4ab4269ee)] -> xpath: //a[text()='Jennifer  Wade']//parent::td]
]]></system-out>
  </testcase>
  <testcase name="validateCreateNewContact[John, Peter, Henry, john@yopmail.com, Inactive, Facebook](1)" classname="com.crm.qa.testcaes.ContactsPageTest" time="5.168">
    <system-out><![CDATA[Before navigating to: 'https://ui.cogmento.com/'
Navigated to:'https://ui.cogmento.com/'
Trying to find Element By : By.name: email
Found Element By : By.name: email
Value of the:[[ChromeDriver: chrome on windows (0fa88469f4a3c69aad42020937132177)] -> name: email] before any changes made
Element value changed to: [[ChromeDriver: chrome on windows (0fa88469f4a3c69aad42020937132177)] -> name: email]
Trying to find Element By : By.name: password
Found Element By : By.name: password
Value of the:[[ChromeDriver: chrome on windows (0fa88469f4a3c69aad42020937132177)] -> name: password] before any changes made
Element value changed to: [[ChromeDriver: chrome on windows (0fa88469f4a3c69aad42020937132177)] -> name: password]
Trying to find Element By : By.xpath: //div[text()='Login']
Found Element By : By.xpath: //div[text()='Login']
Trying to click on: [[ChromeDriver: chrome on windows (0fa88469f4a3c69aad42020937132177)] -> xpath: //div[text()='Login']]
Clicked on: [[ChromeDriver: chrome on windows (0fa88469f4a3c69aad42020937132177)] -> xpath: //div[text()='Login']]
Trying to find Element By : By.xpath: //div[@id='main-nav']
Found Element By : By.xpath: //div[@id='main-nav']
Trying to find Element By : By.xpath: //span[text()='Contacts']
Found Element By : By.xpath: //span[text()='Contacts']
Trying to click on: [[ChromeDriver: chrome on windows (0fa88469f4a3c69aad42020937132177)] -> xpath: //span[text()='Contacts']]
Clicked on: [[ChromeDriver: chrome on windows (0fa88469f4a3c69aad42020937132177)] -> xpath: //span[text()='Contacts']]
Trying to find Element By : By.xpath: //th[text()='Email']
Found Element By : By.xpath: //th[text()='Email']
Trying to find Element By : By.xpath: //div[@id='main-nav']
Found Element By : By.xpath: //div[@id='main-nav']
Trying to find Element By : By.xpath: //a[@href='/contacts']/following-sibling::button//i[@class='plus inverted icon']
Found Element By : By.xpath: //a[@href='/contacts']/following-sibling::button//i[@class='plus inverted icon']
Trying to click on: [[ChromeDriver: chrome on windows (0fa88469f4a3c69aad42020937132177)] -> xpath: //a[@href='/contacts']/following-sibling::button//i[@class='plus inverted icon']]
Clicked on: [[ChromeDriver: chrome on windows (0fa88469f4a3c69aad42020937132177)] -> xpath: //a[@href='/contacts']/following-sibling::button//i[@class='plus inverted icon']]
Trying to find Element By : By.xpath: //input[@name='first_name']
Found Element By : By.xpath: //input[@name='first_name']
Trying to find Element By : By.xpath: //input[@name='first_name']
Found Element By : By.xpath: //input[@name='first_name']
Value of the:[[ChromeDriver: chrome on windows (0fa88469f4a3c69aad42020937132177)] -> xpath: //input[@name='first_name']] before any changes made
Element value changed to: [[ChromeDriver: chrome on windows (0fa88469f4a3c69aad42020937132177)] -> xpath: //input[@name='first_name']]
Trying to find Element By : By.xpath: //input[@name='middle_name']
Found Element By : By.xpath: //input[@name='middle_name']
Value of the:[[ChromeDriver: chrome on windows (0fa88469f4a3c69aad42020937132177)] -> xpath: //input[@name='middle_name']] before any changes made
Element value changed to: [[ChromeDriver: chrome on windows (0fa88469f4a3c69aad42020937132177)] -> xpath: //input[@name='middle_name']]
Trying to find Element By : By.xpath: //input[@name='last_name']
Found Element By : By.xpath: //input[@name='last_name']
Value of the:[[ChromeDriver: chrome on windows (0fa88469f4a3c69aad42020937132177)] -> xpath: //input[@name='last_name']] before any changes made
Element value changed to: [[ChromeDriver: chrome on windows (0fa88469f4a3c69aad42020937132177)] -> xpath: //input[@name='last_name']]
Trying to find Element By : By.xpath: //input[@placeholder='Email address']
Found Element By : By.xpath: //input[@placeholder='Email address']
Value of the:[[ChromeDriver: chrome on windows (0fa88469f4a3c69aad42020937132177)] -> xpath: //input[@placeholder='Email address']] before any changes made
Element value changed to: [[ChromeDriver: chrome on windows (0fa88469f4a3c69aad42020937132177)] -> xpath: //input[@placeholder='Email address']]
Trying to find Element By : By.xpath: //div[@name='channel_type']
Found Element By : By.xpath: //div[@name='channel_type']
Trying to click on: [[ChromeDriver: chrome on windows (0fa88469f4a3c69aad42020937132177)] -> xpath: //div[@name='channel_type']]
Clicked on: [[ChromeDriver: chrome on windows (0fa88469f4a3c69aad42020937132177)] -> xpath: //div[@name='channel_type']]
Trying to find Element By : By.xpath: //label[text()='Status']/following-sibling::div[@name='status']
Found Element By : By.xpath: //label[text()='Status']/following-sibling::div[@name='status']
Trying to find Element By : By.xpath: //div[@name='channel_type']
Found Element By : By.xpath: //div[@name='channel_type']
Trying to find Element By : By.xpath: //button[@class='ui linkedin button']
Found Element By : By.xpath: //button[@class='ui linkedin button']
Trying to click on: [[ChromeDriver: chrome on windows (0fa88469f4a3c69aad42020937132177)] -> xpath: //button[@class='ui linkedin button']]
Clicked on: [[ChromeDriver: chrome on windows (0fa88469f4a3c69aad42020937132177)] -> xpath: //button[@class='ui linkedin button']]
]]></system-out>
    <system-err><![CDATA[ERROR StatusLogger Log4j2 could not find a logging implementation. Please add log4j-core to the classpath. Using SimpleLogger to log to the console...
]]></system-err>
  </testcase>
  <testcase name="validateCreateNewContact[Peter, John, Wale, peter@yopmail.com, Active, Instagram](2)" classname="com.crm.qa.testcaes.ContactsPageTest" time="5.326">
    <system-out><![CDATA[Before navigating to: 'https://ui.cogmento.com/'
Navigated to:'https://ui.cogmento.com/'
Trying to find Element By : By.name: email
Found Element By : By.name: email
Value of the:[[ChromeDriver: chrome on windows (4baf38cf927ffa81403137e5fb0351b2)] -> name: email] before any changes made
Element value changed to: [[ChromeDriver: chrome on windows (4baf38cf927ffa81403137e5fb0351b2)] -> name: email]
Trying to find Element By : By.name: password
Found Element By : By.name: password
Value of the:[[ChromeDriver: chrome on windows (4baf38cf927ffa81403137e5fb0351b2)] -> name: password] before any changes made
Element value changed to: [[ChromeDriver: chrome on windows (4baf38cf927ffa81403137e5fb0351b2)] -> name: password]
Trying to find Element By : By.xpath: //div[text()='Login']
Found Element By : By.xpath: //div[text()='Login']
Trying to click on: [[ChromeDriver: chrome on windows (4baf38cf927ffa81403137e5fb0351b2)] -> xpath: //div[text()='Login']]
Clicked on: [[ChromeDriver: chrome on windows (4baf38cf927ffa81403137e5fb0351b2)] -> xpath: //div[text()='Login']]
Trying to find Element By : By.xpath: //div[@id='main-nav']
Found Element By : By.xpath: //div[@id='main-nav']
Trying to find Element By : By.xpath: //span[text()='Contacts']
Found Element By : By.xpath: //span[text()='Contacts']
Trying to click on: [[ChromeDriver: chrome on windows (4baf38cf927ffa81403137e5fb0351b2)] -> xpath: //span[text()='Contacts']]
Clicked on: [[ChromeDriver: chrome on windows (4baf38cf927ffa81403137e5fb0351b2)] -> xpath: //span[text()='Contacts']]
Trying to find Element By : By.xpath: //th[text()='Email']
Found Element By : By.xpath: //th[text()='Email']
Trying to find Element By : By.xpath: //div[@id='main-nav']
Found Element By : By.xpath: //div[@id='main-nav']
Trying to find Element By : By.xpath: //a[@href='/contacts']/following-sibling::button//i[@class='plus inverted icon']
Found Element By : By.xpath: //a[@href='/contacts']/following-sibling::button//i[@class='plus inverted icon']
Trying to click on: [[ChromeDriver: chrome on windows (4baf38cf927ffa81403137e5fb0351b2)] -> xpath: //a[@href='/contacts']/following-sibling::button//i[@class='plus inverted icon']]
Clicked on: [[ChromeDriver: chrome on windows (4baf38cf927ffa81403137e5fb0351b2)] -> xpath: //a[@href='/contacts']/following-sibling::button//i[@class='plus inverted icon']]
Trying to find Element By : By.xpath: //input[@name='first_name']
Found Element By : By.xpath: //input[@name='first_name']
Trying to find Element By : By.xpath: //input[@name='first_name']
Found Element By : By.xpath: //input[@name='first_name']
Value of the:[[ChromeDriver: chrome on windows (4baf38cf927ffa81403137e5fb0351b2)] -> xpath: //input[@name='first_name']] before any changes made
Element value changed to: [[ChromeDriver: chrome on windows (4baf38cf927ffa81403137e5fb0351b2)] -> xpath: //input[@name='first_name']]
Trying to find Element By : By.xpath: //input[@name='middle_name']
Found Element By : By.xpath: //input[@name='middle_name']
Value of the:[[ChromeDriver: chrome on windows (4baf38cf927ffa81403137e5fb0351b2)] -> xpath: //input[@name='middle_name']] before any changes made
Element value changed to: [[ChromeDriver: chrome on windows (4baf38cf927ffa81403137e5fb0351b2)] -> xpath: //input[@name='middle_name']]
Trying to find Element By : By.xpath: //input[@name='last_name']
Found Element By : By.xpath: //input[@name='last_name']
Value of the:[[ChromeDriver: chrome on windows (4baf38cf927ffa81403137e5fb0351b2)] -> xpath: //input[@name='last_name']] before any changes made
Element value changed to: [[ChromeDriver: chrome on windows (4baf38cf927ffa81403137e5fb0351b2)] -> xpath: //input[@name='last_name']]
Trying to find Element By : By.xpath: //input[@placeholder='Email address']
Found Element By : By.xpath: //input[@placeholder='Email address']
Value of the:[[ChromeDriver: chrome on windows (4baf38cf927ffa81403137e5fb0351b2)] -> xpath: //input[@placeholder='Email address']] before any changes made
Element value changed to: [[ChromeDriver: chrome on windows (4baf38cf927ffa81403137e5fb0351b2)] -> xpath: //input[@placeholder='Email address']]
Trying to find Element By : By.xpath: //div[@name='channel_type']
Found Element By : By.xpath: //div[@name='channel_type']
Trying to click on: [[ChromeDriver: chrome on windows (4baf38cf927ffa81403137e5fb0351b2)] -> xpath: //div[@name='channel_type']]
Clicked on: [[ChromeDriver: chrome on windows (4baf38cf927ffa81403137e5fb0351b2)] -> xpath: //div[@name='channel_type']]
Trying to find Element By : By.xpath: //label[text()='Status']/following-sibling::div[@name='status']
Found Element By : By.xpath: //label[text()='Status']/following-sibling::div[@name='status']
Trying to find Element By : By.xpath: //div[@name='channel_type']
Found Element By : By.xpath: //div[@name='channel_type']
Trying to find Element By : By.xpath: //button[@class='ui linkedin button']
Found Element By : By.xpath: //button[@class='ui linkedin button']
Trying to click on: [[ChromeDriver: chrome on windows (4baf38cf927ffa81403137e5fb0351b2)] -> xpath: //button[@class='ui linkedin button']]
Clicked on: [[ChromeDriver: chrome on windows (4baf38cf927ffa81403137e5fb0351b2)] -> xpath: //button[@class='ui linkedin button']]
]]></system-out>
  </testcase>
  <testcase name="validateCreateNewContact[Walter, Peter, John, walter@yopmail.com, Hot, LinkedIn](3)" classname="com.crm.qa.testcaes.ContactsPageTest" time="4.929">
    <system-out><![CDATA[Before navigating to: 'https://ui.cogmento.com/'
Navigated to:'https://ui.cogmento.com/'
Trying to find Element By : By.name: email
Found Element By : By.name: email
Value of the:[[ChromeDriver: chrome on windows (2bc8b684331329e80b08262b418e0c4a)] -> name: email] before any changes made
Element value changed to: [[ChromeDriver: chrome on windows (2bc8b684331329e80b08262b418e0c4a)] -> name: email]
Trying to find Element By : By.name: password
Found Element By : By.name: password
Value of the:[[ChromeDriver: chrome on windows (2bc8b684331329e80b08262b418e0c4a)] -> name: password] before any changes made
Element value changed to: [[ChromeDriver: chrome on windows (2bc8b684331329e80b08262b418e0c4a)] -> name: password]
Trying to find Element By : By.xpath: //div[text()='Login']
Found Element By : By.xpath: //div[text()='Login']
Trying to click on: [[ChromeDriver: chrome on windows (2bc8b684331329e80b08262b418e0c4a)] -> xpath: //div[text()='Login']]
Clicked on: [[ChromeDriver: chrome on windows (2bc8b684331329e80b08262b418e0c4a)] -> xpath: //div[text()='Login']]
Trying to find Element By : By.xpath: //div[@id='main-nav']
Found Element By : By.xpath: //div[@id='main-nav']
Trying to find Element By : By.xpath: //span[text()='Contacts']
Found Element By : By.xpath: //span[text()='Contacts']
Trying to click on: [[ChromeDriver: chrome on windows (2bc8b684331329e80b08262b418e0c4a)] -> xpath: //span[text()='Contacts']]
Clicked on: [[ChromeDriver: chrome on windows (2bc8b684331329e80b08262b418e0c4a)] -> xpath: //span[text()='Contacts']]
Trying to find Element By : By.xpath: //th[text()='Email']
Found Element By : By.xpath: //th[text()='Email']
Trying to find Element By : By.xpath: //div[@id='main-nav']
Found Element By : By.xpath: //div[@id='main-nav']
Trying to find Element By : By.xpath: //a[@href='/contacts']/following-sibling::button//i[@class='plus inverted icon']
Found Element By : By.xpath: //a[@href='/contacts']/following-sibling::button//i[@class='plus inverted icon']
Trying to click on: [[ChromeDriver: chrome on windows (2bc8b684331329e80b08262b418e0c4a)] -> xpath: //a[@href='/contacts']/following-sibling::button//i[@class='plus inverted icon']]
Clicked on: [[ChromeDriver: chrome on windows (2bc8b684331329e80b08262b418e0c4a)] -> xpath: //a[@href='/contacts']/following-sibling::button//i[@class='plus inverted icon']]
Trying to find Element By : By.xpath: //input[@name='first_name']
Found Element By : By.xpath: //input[@name='first_name']
Trying to find Element By : By.xpath: //input[@name='first_name']
Found Element By : By.xpath: //input[@name='first_name']
Value of the:[[ChromeDriver: chrome on windows (2bc8b684331329e80b08262b418e0c4a)] -> xpath: //input[@name='first_name']] before any changes made
Element value changed to: [[ChromeDriver: chrome on windows (2bc8b684331329e80b08262b418e0c4a)] -> xpath: //input[@name='first_name']]
Trying to find Element By : By.xpath: //input[@name='middle_name']
Found Element By : By.xpath: //input[@name='middle_name']
Value of the:[[ChromeDriver: chrome on windows (2bc8b684331329e80b08262b418e0c4a)] -> xpath: //input[@name='middle_name']] before any changes made
Element value changed to: [[ChromeDriver: chrome on windows (2bc8b684331329e80b08262b418e0c4a)] -> xpath: //input[@name='middle_name']]
Trying to find Element By : By.xpath: //input[@name='last_name']
Found Element By : By.xpath: //input[@name='last_name']
Value of the:[[ChromeDriver: chrome on windows (2bc8b684331329e80b08262b418e0c4a)] -> xpath: //input[@name='last_name']] before any changes made
Element value changed to: [[ChromeDriver: chrome on windows (2bc8b684331329e80b08262b418e0c4a)] -> xpath: //input[@name='last_name']]
Trying to find Element By : By.xpath: //input[@placeholder='Email address']
Found Element By : By.xpath: //input[@placeholder='Email address']
Value of the:[[ChromeDriver: chrome on windows (2bc8b684331329e80b08262b418e0c4a)] -> xpath: //input[@placeholder='Email address']] before any changes made
Element value changed to: [[ChromeDriver: chrome on windows (2bc8b684331329e80b08262b418e0c4a)] -> xpath: //input[@placeholder='Email address']]
Trying to find Element By : By.xpath: //div[@name='channel_type']
Found Element By : By.xpath: //div[@name='channel_type']
Trying to click on: [[ChromeDriver: chrome on windows (2bc8b684331329e80b08262b418e0c4a)] -> xpath: //div[@name='channel_type']]
Clicked on: [[ChromeDriver: chrome on windows (2bc8b684331329e80b08262b418e0c4a)] -> xpath: //div[@name='channel_type']]
Trying to find Element By : By.xpath: //label[text()='Status']/following-sibling::div[@name='status']
Found Element By : By.xpath: //label[text()='Status']/following-sibling::div[@name='status']
Trying to find Element By : By.xpath: //div[@name='channel_type']
Found Element By : By.xpath: //div[@name='channel_type']
Trying to find Element By : By.xpath: //button[@class='ui linkedin button']
Found Element By : By.xpath: //button[@class='ui linkedin button']
Trying to click on: [[ChromeDriver: chrome on windows (2bc8b684331329e80b08262b418e0c4a)] -> xpath: //button[@class='ui linkedin button']]
Clicked on: [[ChromeDriver: chrome on windows (2bc8b684331329e80b08262b418e0c4a)] -> xpath: //button[@class='ui linkedin button']]
]]></system-out>
  </testcase>
  <testcase name="verifyHomePageTitleTest" classname="com.crm.qa.testcaes.HomePageTest" time="0.015">
    <system-out><![CDATA[Before navigating to: 'https://ui.cogmento.com/'
Navigated to:'https://ui.cogmento.com/'
Trying to find Element By : By.name: email
Found Element By : By.name: email
Value of the:[[ChromeDriver: chrome on windows (c1049c704efc74721e59dfadd828506e)] -> name: email] before any changes made
Element value changed to: [[ChromeDriver: chrome on windows (c1049c704efc74721e59dfadd828506e)] -> name: email]
Trying to find Element By : By.name: password
Found Element By : By.name: password
Value of the:[[ChromeDriver: chrome on windows (c1049c704efc74721e59dfadd828506e)] -> name: password] before any changes made
Element value changed to: [[ChromeDriver: chrome on windows (c1049c704efc74721e59dfadd828506e)] -> name: password]
Trying to find Element By : By.xpath: //div[text()='Login']
Found Element By : By.xpath: //div[text()='Login']
Trying to click on: [[ChromeDriver: chrome on windows (c1049c704efc74721e59dfadd828506e)] -> xpath: //div[text()='Login']]
Clicked on: [[ChromeDriver: chrome on windows (c1049c704efc74721e59dfadd828506e)] -> xpath: //div[text()='Login']]
]]></system-out>
  </testcase>
  <testcase name="verifyUserNameTest" classname="com.crm.qa.testcaes.HomePageTest" time="2.332">
    <system-out><![CDATA[Before navigating to: 'https://ui.cogmento.com/'
Navigated to:'https://ui.cogmento.com/'
Trying to find Element By : By.name: email
Found Element By : By.name: email
Value of the:[[ChromeDriver: chrome on windows (b06d94a3e92d3d47b9d88ee6e560d121)] -> name: email] before any changes made
Element value changed to: [[ChromeDriver: chrome on windows (b06d94a3e92d3d47b9d88ee6e560d121)] -> name: email]
Trying to find Element By : By.name: password
Found Element By : By.name: password
Value of the:[[ChromeDriver: chrome on windows (b06d94a3e92d3d47b9d88ee6e560d121)] -> name: password] before any changes made
Element value changed to: [[ChromeDriver: chrome on windows (b06d94a3e92d3d47b9d88ee6e560d121)] -> name: password]
Trying to find Element By : By.xpath: //div[text()='Login']
Found Element By : By.xpath: //div[text()='Login']
Trying to click on: [[ChromeDriver: chrome on windows (b06d94a3e92d3d47b9d88ee6e560d121)] -> xpath: //div[text()='Login']]
Clicked on: [[ChromeDriver: chrome on windows (b06d94a3e92d3d47b9d88ee6e560d121)] -> xpath: //div[text()='Login']]
Trying to find Element By : By.xpath: //span[text() = 'Johnny Deep']
Found Element By : By.xpath: //span[text() = 'Johnny Deep']
]]></system-out>
  </testcase>
  <testcase name="contactsClickTest" classname="com.crm.qa.testcaes.HomePageTest" time="6.424">
    <system-out><![CDATA[Before navigating to: 'https://ui.cogmento.com/'
Navigated to:'https://ui.cogmento.com/'
Trying to find Element By : By.name: email
Found Element By : By.name: email
Value of the:[[ChromeDriver: chrome on windows (e6aa799c3630bba930049f4c699981b3)] -> name: email] before any changes made
Element value changed to: [[ChromeDriver: chrome on windows (e6aa799c3630bba930049f4c699981b3)] -> name: email]
Trying to find Element By : By.name: password
Found Element By : By.name: password
Value of the:[[ChromeDriver: chrome on windows (e6aa799c3630bba930049f4c699981b3)] -> name: password] before any changes made
Element value changed to: [[ChromeDriver: chrome on windows (e6aa799c3630bba930049f4c699981b3)] -> name: password]
Trying to find Element By : By.xpath: //div[text()='Login']
Found Element By : By.xpath: //div[text()='Login']
Trying to click on: [[ChromeDriver: chrome on windows (e6aa799c3630bba930049f4c699981b3)] -> xpath: //div[text()='Login']]
Clicked on: [[ChromeDriver: chrome on windows (e6aa799c3630bba930049f4c699981b3)] -> xpath: //div[text()='Login']]
Trying to find Element By : By.xpath: //div[@id='main-nav']
Found Element By : By.xpath: //div[@id='main-nav']
Trying to find Element By : By.xpath: //span[text()='Contacts']
Found Element By : By.xpath: //span[text()='Contacts']
Trying to click on: [[ChromeDriver: chrome on windows (e6aa799c3630bba930049f4c699981b3)] -> xpath: //span[text()='Contacts']]
Clicked on: [[ChromeDriver: chrome on windows (e6aa799c3630bba930049f4c699981b3)] -> xpath: //span[text()='Contacts']]
Trying to find Element By : By.xpath: //th[text()='Email']
Found Element By : By.xpath: //th[text()='Email']
]]></system-out>
  </testcase>
  <testcase name="dealsPageClickTest" classname="com.crm.qa.testcaes.HomePageTest" time="3.478">
    <system-out><![CDATA[Before navigating to: 'https://ui.cogmento.com/'
Navigated to:'https://ui.cogmento.com/'
Trying to find Element By : By.name: email
Found Element By : By.name: email
Value of the:[[ChromeDriver: chrome on windows (9f56ac06de1646221d370aeed801a1d7)] -> name: email] before any changes made
Element value changed to: [[ChromeDriver: chrome on windows (9f56ac06de1646221d370aeed801a1d7)] -> name: email]
Trying to find Element By : By.name: password
Found Element By : By.name: password
Value of the:[[ChromeDriver: chrome on windows (9f56ac06de1646221d370aeed801a1d7)] -> name: password] before any changes made
Element value changed to: [[ChromeDriver: chrome on windows (9f56ac06de1646221d370aeed801a1d7)] -> name: password]
Trying to find Element By : By.xpath: //div[text()='Login']
Found Element By : By.xpath: //div[text()='Login']
Trying to click on: [[ChromeDriver: chrome on windows (9f56ac06de1646221d370aeed801a1d7)] -> xpath: //div[text()='Login']]
Clicked on: [[ChromeDriver: chrome on windows (9f56ac06de1646221d370aeed801a1d7)] -> xpath: //div[text()='Login']]
Trying to find Element By : By.xpath: //div[@id='main-nav']
Found Element By : By.xpath: //div[@id='main-nav']
Trying to find Element By : By.xpath: //span[text()='Deals']
Found Element By : By.xpath: //span[text()='Deals']
Trying to click on: [[ChromeDriver: chrome on windows (9f56ac06de1646221d370aeed801a1d7)] -> xpath: //span[text()='Deals']]
Clicked on: [[ChromeDriver: chrome on windows (9f56ac06de1646221d370aeed801a1d7)] -> xpath: //span[text()='Deals']]
]]></system-out>
  </testcase>
  <testcase name="tasksPageClickTest" classname="com.crm.qa.testcaes.HomePageTest" time="2.565">
    <system-out><![CDATA[Before navigating to: 'https://ui.cogmento.com/'
Navigated to:'https://ui.cogmento.com/'
Trying to find Element By : By.name: email
Found Element By : By.name: email
Value of the:[[ChromeDriver: chrome on windows (e75a0c9643bd87d8a56679d8892c74ea)] -> name: email] before any changes made
Element value changed to: [[ChromeDriver: chrome on windows (e75a0c9643bd87d8a56679d8892c74ea)] -> name: email]
Trying to find Element By : By.name: password
Found Element By : By.name: password
Value of the:[[ChromeDriver: chrome on windows (e75a0c9643bd87d8a56679d8892c74ea)] -> name: password] before any changes made
Element value changed to: [[ChromeDriver: chrome on windows (e75a0c9643bd87d8a56679d8892c74ea)] -> name: password]
Trying to find Element By : By.xpath: //div[text()='Login']
Found Element By : By.xpath: //div[text()='Login']
Trying to click on: [[ChromeDriver: chrome on windows (e75a0c9643bd87d8a56679d8892c74ea)] -> xpath: //div[text()='Login']]
Clicked on: [[ChromeDriver: chrome on windows (e75a0c9643bd87d8a56679d8892c74ea)] -> xpath: //div[text()='Login']]
Trying to find Element By : By.xpath: //div[@id='main-nav']
Found Element By : By.xpath: //div[@id='main-nav']
Trying to find Element By : By.xpath: //span[text()='Tasks']
Found Element By : By.xpath: //span[text()='Tasks']
Trying to click on: [[ChromeDriver: chrome on windows (e75a0c9643bd87d8a56679d8892c74ea)] -> xpath: //span[text()='Tasks']]
Clicked on: [[ChromeDriver: chrome on windows (e75a0c9643bd87d8a56679d8892c74ea)] -> xpath: //span[text()='Tasks']]
]]></system-out>
  </testcase>
  <testcase name="loginPageTitleTest" classname="com.crm.qa.testcaes.LoginPageTest" time="0.014">
    <system-out><![CDATA[Before navigating to: 'https://ui.cogmento.com/'
Navigated to:'https://ui.cogmento.com/'
]]></system-out>
  </testcase>
  <testcase name="loginTest" classname="com.crm.qa.testcaes.LoginPageTest" time="0.483">
    <system-out><![CDATA[Before navigating to: 'https://ui.cogmento.com/'
Navigated to:'https://ui.cogmento.com/'
Trying to find Element By : By.name: email
Found Element By : By.name: email
Value of the:[[ChromeDriver: chrome on windows (74d9ae2db409cf93a813c79d4a6e513a)] -> name: email] before any changes made
Element value changed to: [[ChromeDriver: chrome on windows (74d9ae2db409cf93a813c79d4a6e513a)] -> name: email]
Trying to find Element By : By.name: password
Found Element By : By.name: password
Value of the:[[ChromeDriver: chrome on windows (74d9ae2db409cf93a813c79d4a6e513a)] -> name: password] before any changes made
Element value changed to: [[ChromeDriver: chrome on windows (74d9ae2db409cf93a813c79d4a6e513a)] -> name: password]
Trying to find Element By : By.xpath: //div[text()='Login']
Found Element By : By.xpath: //div[text()='Login']
Trying to click on: [[ChromeDriver: chrome on windows (74d9ae2db409cf93a813c79d4a6e513a)] -> xpath: //div[text()='Login']]
Clicked on: [[ChromeDriver: chrome on windows (74d9ae2db409cf93a813c79d4a6e513a)] -> xpath: //div[text()='Login']]
]]></system-out>
  </testcase>
</testsuite>