<?xml version="1.0" encoding="UTF-8"?>
<testng-results ignored="0" total="13" passed="13" failed="0" skipped="0">
  <reporter-output>
  </reporter-output>
  <suite started-at="2024-01-11T17:44:40 IST" name="Surefire suite" finished-at="2024-01-11T17:47:41 IST" duration-ms="180943">
    <groups>
    </groups>
    <test started-at="2024-01-11T17:44:40 IST" name="Surefire test" finished-at="2024-01-11T17:47:41 IST" duration-ms="180943">
      <class name="com.crm.qa.testcaes.HomePageTest">
        <test-method is-config="true" signature="setUp()[pri:0, instance:com.crm.qa.testcaes.HomePageTest@78b66d36]" started-at="2024-01-11T17:46:30 IST" name="setUp" finished-at="2024-01-11T17:46:38 IST" duration-ms="8203" status="PASS">
          <reporter-output>
          </reporter-output>
        </test-method> <!-- setUp -->
        <test-method signature="verifyHomePageTitleTest()[pri:1, instance:com.crm.qa.testcaes.HomePageTest@78b66d36]" started-at="2024-01-11T17:46:38 IST" name="verifyHomePageTitleTest" finished-at="2024-01-11T17:46:38 IST" duration-ms="16" status="PASS">
          <reporter-output>
          </reporter-output>
        </test-method> <!-- verifyHomePageTitleTest -->
        <test-method is-config="true" signature="tearDown()[pri:0, instance:com.crm.qa.testcaes.HomePageTest@78b66d36]" started-at="2024-01-11T17:46:38 IST" name="tearDown" finished-at="2024-01-11T17:46:39 IST" duration-ms="319" status="PASS">
          <reporter-output>
          </reporter-output>
        </test-method> <!-- tearDown -->
        <test-method is-config="true" signature="setUp()[pri:0, instance:com.crm.qa.testcaes.HomePageTest@78b66d36]" started-at="2024-01-11T17:46:39 IST" name="setUp" finished-at="2024-01-11T17:46:47 IST" duration-ms="8194" status="PASS">
          <reporter-output>
          </reporter-output>
        </test-method> <!-- setUp -->
        <test-method signature="verifyUserNameTest()[pri:2, instance:com.crm.qa.testcaes.HomePageTest@78b66d36]" started-at="2024-01-11T17:46:47 IST" name="verifyUserNameTest" finished-at="2024-01-11T17:46:49 IST" duration-ms="2332" status="PASS">
          <reporter-output>
          </reporter-output>
        </test-method> <!-- verifyUserNameTest -->
        <test-method is-config="true" signature="tearDown()[pri:0, instance:com.crm.qa.testcaes.HomePageTest@78b66d36]" started-at="2024-01-11T17:46:49 IST" name="tearDown" finished-at="2024-01-11T17:46:50 IST" duration-ms="375" status="PASS">
          <reporter-output>
          </reporter-output>
        </test-method> <!-- tearDown -->
        <test-method is-config="true" signature="setUp()[pri:0, instance:com.crm.qa.testcaes.HomePageTest@78b66d36]" started-at="2024-01-11T17:46:50 IST" name="setUp" finished-at="2024-01-11T17:46:58 IST" duration-ms="8754" status="PASS">
          <reporter-output>
          </reporter-output>
        </test-method> <!-- setUp -->
        <test-method signature="contactsClickTest()[pri:3, instance:com.crm.qa.testcaes.HomePageTest@78b66d36]" started-at="2024-01-11T17:46:58 IST" name="contactsClickTest" finished-at="2024-01-11T17:47:05 IST" duration-ms="6423" status="PASS">
          <reporter-output>
          </reporter-output>
        </test-method> <!-- contactsClickTest -->
        <test-method is-config="true" signature="tearDown()[pri:0, instance:com.crm.qa.testcaes.HomePageTest@78b66d36]" started-at="2024-01-11T17:47:05 IST" name="tearDown" finished-at="2024-01-11T17:47:06 IST" duration-ms="906" status="PASS">
          <reporter-output>
          </reporter-output>
        </test-method> <!-- tearDown -->
        <test-method is-config="true" signature="setUp()[pri:0, instance:com.crm.qa.testcaes.HomePageTest@78b66d36]" started-at="2024-01-11T17:47:06 IST" name="setUp" finished-at="2024-01-11T17:47:15 IST" duration-ms="9340" status="PASS">
          <reporter-output>
          </reporter-output>
        </test-method> <!-- setUp -->
        <test-method signature="dealsPageClickTest()[pri:4, instance:com.crm.qa.testcaes.HomePageTest@78b66d36]" started-at="2024-01-11T17:47:15 IST" name="dealsPageClickTest" finished-at="2024-01-11T17:47:19 IST" duration-ms="3479" status="PASS">
          <reporter-output>
          </reporter-output>
        </test-method> <!-- dealsPageClickTest -->
        <test-method is-config="true" signature="tearDown()[pri:0, instance:com.crm.qa.testcaes.HomePageTest@78b66d36]" started-at="2024-01-11T17:47:19 IST" name="tearDown" finished-at="2024-01-11T17:47:19 IST" duration-ms="558" status="PASS">
          <reporter-output>
          </reporter-output>
        </test-method> <!-- tearDown -->
        <test-method is-config="true" signature="setUp()[pri:0, instance:com.crm.qa.testcaes.HomePageTest@78b66d36]" started-at="2024-01-11T17:47:19 IST" name="setUp" finished-at="2024-01-11T17:47:26 IST" duration-ms="6316" status="PASS">
          <reporter-output>
          </reporter-output>
        </test-method> <!-- setUp -->
        <test-method signature="tasksPageClickTest()[pri:5, instance:com.crm.qa.testcaes.HomePageTest@78b66d36]" started-at="2024-01-11T17:47:26 IST" name="tasksPageClickTest" finished-at="2024-01-11T17:47:28 IST" duration-ms="2565" status="PASS">
          <reporter-output>
          </reporter-output>
        </test-method> <!-- tasksPageClickTest -->
        <test-method is-config="true" signature="tearDown()[pri:0, instance:com.crm.qa.testcaes.HomePageTest@78b66d36]" started-at="2024-01-11T17:47:28 IST" name="tearDown" finished-at="2024-01-11T17:47:28 IST" duration-ms="302" status="PASS">
          <reporter-output>
          </reporter-output>
        </test-method> <!-- tearDown -->
      </class> <!-- com.crm.qa.testcaes.HomePageTest -->
      <class name="com.crm.qa.testcaes.ContactsPageTest">
        <test-method is-config="true" signature="setUp()[pri:0, instance:com.crm.qa.testcaes.ContactsPageTest@78aab498]" started-at="2024-01-11T17:44:40 IST" name="setUp" finished-at="2024-01-11T17:45:00 IST" duration-ms="19836" status="PASS">
          <reporter-output>
          </reporter-output>
        </test-method> <!-- setUp -->
        <test-method signature="verifyContactsPageLabelTest()[pri:1, instance:com.crm.qa.testcaes.ContactsPageTest@78aab498]" started-at="2024-01-11T17:45:00 IST" name="verifyContactsPageLabelTest" finished-at="2024-01-11T17:45:00 IST" duration-ms="99" status="PASS">
          <reporter-output>
          </reporter-output>
        </test-method> <!-- verifyContactsPageLabelTest -->
        <test-method is-config="true" signature="tearDown()[pri:0, instance:com.crm.qa.testcaes.ContactsPageTest@78aab498]" started-at="2024-01-11T17:45:00 IST" name="tearDown" finished-at="2024-01-11T17:45:01 IST" duration-ms="512" status="PASS">
          <reporter-output>
          </reporter-output>
        </test-method> <!-- tearDown -->
        <test-method is-config="true" signature="setUp()[pri:0, instance:com.crm.qa.testcaes.ContactsPageTest@78aab498]" started-at="2024-01-11T17:45:01 IST" name="setUp" finished-at="2024-01-11T17:45:14 IST" duration-ms="13207" status="PASS">
          <reporter-output>
          </reporter-output>
        </test-method> <!-- setUp -->
        <test-method signature="selectContactsTest()[pri:2, instance:com.crm.qa.testcaes.ContactsPageTest@78aab498]" started-at="2024-01-11T17:45:14 IST" name="selectContactsTest" finished-at="2024-01-11T17:45:14 IST" duration-ms="240" status="PASS">
          <reporter-output>
          </reporter-output>
        </test-method> <!-- selectContactsTest -->
        <test-method is-config="true" signature="tearDown()[pri:0, instance:com.crm.qa.testcaes.ContactsPageTest@78aab498]" started-at="2024-01-11T17:45:14 IST" name="tearDown" finished-at="2024-01-11T17:45:15 IST" duration-ms="826" status="PASS">
          <reporter-output>
          </reporter-output>
        </test-method> <!-- tearDown -->
        <test-method is-config="true" signature="setUp()[pri:0, instance:com.crm.qa.testcaes.ContactsPageTest@78aab498]" started-at="2024-01-11T17:45:15 IST" name="setUp" finished-at="2024-01-11T17:45:29 IST" duration-ms="13485" status="PASS">
          <reporter-output>
          </reporter-output>
        </test-method> <!-- setUp -->
        <test-method signature="selectMultipleContacts()[pri:3, instance:com.crm.qa.testcaes.ContactsPageTest@78aab498]" started-at="2024-01-11T17:45:29 IST" name="selectMultipleContacts" finished-at="2024-01-11T17:45:29 IST" duration-ms="478" status="PASS">
          <reporter-output>
          </reporter-output>
        </test-method> <!-- selectMultipleContacts -->
        <test-method is-config="true" signature="tearDown()[pri:0, instance:com.crm.qa.testcaes.ContactsPageTest@78aab498]" started-at="2024-01-11T17:45:29 IST" name="tearDown" finished-at="2024-01-11T17:45:29 IST" duration-ms="316" status="PASS">
          <reporter-output>
          </reporter-output>
        </test-method> <!-- tearDown -->
        <test-method is-config="true" signature="setUp()[pri:0, instance:com.crm.qa.testcaes.ContactsPageTest@78aab498]" started-at="2024-01-11T17:45:32 IST" name="setUp" finished-at="2024-01-11T17:45:45 IST" duration-ms="13393" status="PASS">
          <reporter-output>
          </reporter-output>
        </test-method> <!-- setUp -->
        <test-method signature="validateCreateNewContact(java.lang.String,java.lang.String,java.lang.String,java.lang.String,java.lang.String,java.lang.String)[pri:4, instance:com.crm.qa.testcaes.ContactsPageTest@78aab498]" started-at="2024-01-11T17:45:45 IST" name="validateCreateNewContact" data-provider="getCRMTestData" finished-at="2024-01-11T17:45:50 IST" duration-ms="5164" status="PASS">
          <params>
            <param index="0">
              <value>
                <![CDATA[John]]>
              </value>
            </param>
            <param index="1">
              <value>
                <![CDATA[Peter]]>
              </value>
            </param>
            <param index="2">
              <value>
                <![CDATA[Henry]]>
              </value>
            </param>
            <param index="3">
              <value>
                <![CDATA[john@yopmail.com]]>
              </value>
            </param>
            <param index="4">
              <value>
                <![CDATA[Inactive]]>
              </value>
            </param>
            <param index="5">
              <value>
                <![CDATA[Facebook]]>
              </value>
            </param>
          </params>
          <reporter-output>
          </reporter-output>
        </test-method> <!-- validateCreateNewContact -->
        <test-method is-config="true" signature="tearDown()[pri:0, instance:com.crm.qa.testcaes.ContactsPageTest@78aab498]" started-at="2024-01-11T17:45:50 IST" name="tearDown" finished-at="2024-01-11T17:45:51 IST" duration-ms="389" status="PASS">
          <reporter-output>
          </reporter-output>
        </test-method> <!-- tearDown -->
        <test-method is-config="true" signature="setUp()[pri:0, instance:com.crm.qa.testcaes.ContactsPageTest@78aab498]" started-at="2024-01-11T17:45:51 IST" name="setUp" finished-at="2024-01-11T17:46:05 IST" duration-ms="14208" status="PASS">
          <reporter-output>
          </reporter-output>
        </test-method> <!-- setUp -->
        <test-method signature="validateCreateNewContact(java.lang.String,java.lang.String,java.lang.String,java.lang.String,java.lang.String,java.lang.String)[pri:4, instance:com.crm.qa.testcaes.ContactsPageTest@78aab498]" started-at="2024-01-11T17:46:05 IST" name="validateCreateNewContact" data-provider="getCRMTestData" finished-at="2024-01-11T17:46:10 IST" duration-ms="5320" status="PASS">
          <params>
            <param index="0">
              <value>
                <![CDATA[Peter]]>
              </value>
            </param>
            <param index="1">
              <value>
                <![CDATA[John]]>
              </value>
            </param>
            <param index="2">
              <value>
                <![CDATA[Wale]]>
              </value>
            </param>
            <param index="3">
              <value>
                <![CDATA[peter@yopmail.com]]>
              </value>
            </param>
            <param index="4">
              <value>
                <![CDATA[Active]]>
              </value>
            </param>
            <param index="5">
              <value>
                <![CDATA[Instagram]]>
              </value>
            </param>
          </params>
          <reporter-output>
          </reporter-output>
        </test-method> <!-- validateCreateNewContact -->
        <test-method is-config="true" signature="tearDown()[pri:0, instance:com.crm.qa.testcaes.ContactsPageTest@78aab498]" started-at="2024-01-11T17:46:10 IST" name="tearDown" finished-at="2024-01-11T17:46:11 IST" duration-ms="390" status="PASS">
          <reporter-output>
          </reporter-output>
        </test-method> <!-- tearDown -->
        <test-method is-config="true" signature="setUp()[pri:0, instance:com.crm.qa.testcaes.ContactsPageTest@78aab498]" started-at="2024-01-11T17:46:11 IST" name="setUp" finished-at="2024-01-11T17:46:25 IST" duration-ms="14232" status="PASS">
          <reporter-output>
          </reporter-output>
        </test-method> <!-- setUp -->
        <test-method signature="validateCreateNewContact(java.lang.String,java.lang.String,java.lang.String,java.lang.String,java.lang.String,java.lang.String)[pri:4, instance:com.crm.qa.testcaes.ContactsPageTest@78aab498]" started-at="2024-01-11T17:46:25 IST" name="validateCreateNewContact" data-provider="getCRMTestData" finished-at="2024-01-11T17:46:30 IST" duration-ms="4929" status="PASS">
          <params>
            <param index="0">
              <value>
                <![CDATA[Walter]]>
              </value>
            </param>
            <param index="1">
              <value>
                <![CDATA[Peter]]>
              </value>
            </param>
            <param index="2">
              <value>
                <![CDATA[John]]>
              </value>
            </param>
            <param index="3">
              <value>
                <![CDATA[walter@yopmail.com]]>
              </value>
            </param>
            <param index="4">
              <value>
                <![CDATA[Hot]]>
              </value>
            </param>
            <param index="5">
              <value>
                <![CDATA[LinkedIn]]>
              </value>
            </param>
          </params>
          <reporter-output>
          </reporter-output>
        </test-method> <!-- validateCreateNewContact -->
        <test-method is-config="true" signature="tearDown()[pri:0, instance:com.crm.qa.testcaes.ContactsPageTest@78aab498]" started-at="2024-01-11T17:46:30 IST" name="tearDown" finished-at="2024-01-11T17:46:30 IST" duration-ms="328" status="PASS">
          <reporter-output>
          </reporter-output>
        </test-method> <!-- tearDown -->
      </class> <!-- com.crm.qa.testcaes.ContactsPageTest -->
      <class name="com.crm.qa.testcaes.LoginPageTest">
        <test-method is-config="true" signature="setUp()[pri:0, instance:com.crm.qa.testcaes.LoginPageTest@5223e5ee]" started-at="2024-01-11T17:47:28 IST" name="setUp" finished-at="2024-01-11T17:47:34 IST" duration-ms="5795" status="PASS">
          <reporter-output>
          </reporter-output>
        </test-method> <!-- setUp -->
        <test-method signature="loginPageTitleTest()[pri:1, instance:com.crm.qa.testcaes.LoginPageTest@5223e5ee]" started-at="2024-01-11T17:47:34 IST" name="loginPageTitleTest" finished-at="2024-01-11T17:47:34 IST" duration-ms="15" status="PASS">
          <reporter-output>
          </reporter-output>
        </test-method> <!-- loginPageTitleTest -->
        <test-method is-config="true" signature="tearDown()[pri:0, instance:com.crm.qa.testcaes.LoginPageTest@5223e5ee]" started-at="2024-01-11T17:47:34 IST" name="tearDown" finished-at="2024-01-11T17:47:35 IST" duration-ms="619" status="PASS">
          <reporter-output>
          </reporter-output>
        </test-method> <!-- tearDown -->
        <test-method is-config="true" signature="setUp()[pri:0, instance:com.crm.qa.testcaes.LoginPageTest@5223e5ee]" started-at="2024-01-11T17:47:35 IST" name="setUp" finished-at="2024-01-11T17:47:41 IST" duration-ms="5736" status="PASS">
          <reporter-output>
          </reporter-output>
        </test-method> <!-- setUp -->
        <test-method signature="loginTest()[pri:2, instance:com.crm.qa.testcaes.LoginPageTest@5223e5ee]" started-at="2024-01-11T17:47:41 IST" name="loginTest" finished-at="2024-01-11T17:47:41 IST" duration-ms="483" status="PASS">
          <reporter-output>
          </reporter-output>
        </test-method> <!-- loginTest -->
        <test-method is-config="true" signature="tearDown()[pri:0, instance:com.crm.qa.testcaes.LoginPageTest@5223e5ee]" started-at="2024-01-11T17:47:41 IST" name="tearDown" finished-at="2024-01-11T17:47:41 IST" duration-ms="311" status="PASS">
          <reporter-output>
          </reporter-output>
        </test-method> <!-- tearDown -->
      </class> <!-- com.crm.qa.testcaes.LoginPageTest -->
    </test> <!-- Surefire test -->
  </suite> <!-- Surefire suite -->
</testng-results>
