<?xml version="1.0" encoding="UTF-8"?>
<testng-results ignored="0" total="2" passed="2" failed="0" skipped="0">
  <reporter-output>
  </reporter-output>
  <suite started-at="2024-01-11T19:17:08 IST" name="CRM Application" finished-at="2024-01-11T19:17:24 IST" duration-ms="15648">
    <groups>
    </groups>
    <test started-at="2024-01-11T19:17:08 IST" name="CRM App Test Cases" finished-at="2024-01-11T19:17:24 IST" duration-ms="15648">
      <class name="com.crm.qa.testcaes.LoginPageTest">
        <test-method is-config="true" signature="setUp()[pri:0, instance:com.crm.qa.testcaes.LoginPageTest@4c178a76]" started-at="2024-01-11T19:17:08 IST" name="setUp" finished-at="2024-01-11T19:17:16 IST" duration-ms="8047" status="PASS">
          <reporter-output>
          </reporter-output>
        </test-method> <!-- setUp -->
        <test-method signature="loginPageTitleTest()[pri:1, instance:com.crm.qa.testcaes.LoginPageTest@4c178a76]" started-at="2024-01-11T19:17:16 IST" name="loginPageTitleTest" finished-at="2024-01-11T19:17:16 IST" duration-ms="53" status="PASS">
          <reporter-output>
          </reporter-output>
        </test-method> <!-- loginPageTitleTest -->
        <test-method is-config="true" signature="tearDown()[pri:0, instance:com.crm.qa.testcaes.LoginPageTest@4c178a76]" started-at="2024-01-11T19:17:16 IST" name="tearDown" finished-at="2024-01-11T19:17:17 IST" duration-ms="417" status="PASS">
          <reporter-output>
          </reporter-output>
        </test-method> <!-- tearDown -->
        <test-method is-config="true" signature="setUp()[pri:0, instance:com.crm.qa.testcaes.LoginPageTest@4c178a76]" started-at="2024-01-11T19:17:17 IST" name="setUp" finished-at="2024-01-11T19:17:22 IST" duration-ms="5765" status="PASS">
          <reporter-output>
          </reporter-output>
        </test-method> <!-- setUp -->
        <test-method signature="loginTest()[pri:2, instance:com.crm.qa.testcaes.LoginPageTest@4c178a76]" started-at="2024-01-11T19:17:22 IST" name="loginTest" finished-at="2024-01-11T19:17:23 IST" duration-ms="759" status="PASS">
          <reporter-output>
          </reporter-output>
        </test-method> <!-- loginTest -->
        <test-method is-config="true" signature="tearDown()[pri:0, instance:com.crm.qa.testcaes.LoginPageTest@4c178a76]" started-at="2024-01-11T19:17:23 IST" name="tearDown" finished-at="2024-01-11T19:17:24 IST" duration-ms="524" status="PASS">
          <reporter-output>
          </reporter-output>
        </test-method> <!-- tearDown -->
      </class> <!-- com.crm.qa.testcaes.LoginPageTest -->
    </test> <!-- CRM App Test Cases -->
  </suite> <!-- CRM Application -->
</testng-results>
